2024-09-15 17:57:20,717 WARNING [default] Unable to locate file for background (D:\Semester 2\Object Oriented Programming\mynewsnakegame\bin\Debug\net8.0\images\media/dungeon.jpg)
2024-09-15 17:57:20,720 WARNING [default] Unable to locate file for food (D:\Semester 2\Object Oriented Programming\mynewsnakegame\bin\Debug\net8.0\images\media/apple.png)
2024-09-15 17:58:29,673 WARNING [default] Unable to locate file for background (D:\Semester 2\Object Oriented Programming\mynewsnakegame\bin\Debug\net8.0\images\media/dungeon.jpg)
2024-09-15 17:58:29,675 WARNING [default] Unable to locate file for food (D:\Semester 2\Object Oriented Programming\mynewsnakegame\bin\Debug\net8.0\images\media/apple.png)
2024-09-15 18:03:18,601 WARNING [default] Unable to locate file for background (D:\Semester 2\Object Oriented Programming\mynewsnakegame\bin\Debug\net8.0\images\media/dungeon.jpg)
2024-09-15 18:03:18,604 WARNING [default] Unable to locate file for food (D:\Semester 2\Object Oriented Programming\mynewsnakegame\bin\Debug\net8.0\images\media/apple.png)
2024-09-15 18:23:20,200 WARNING [default] Unable to locate file for background (D:\Semester 2\Object Oriented Programming\mynewsnakegame\bin\Debug\net8.0\images\media/dungeon.jpg)
2024-09-15 18:23:20,202 WARNING [default] Unable to locate file for food (D:\Semester 2\Object Oriented Programming\mynewsnakegame\bin\Debug\net8.0\images\media/apple.png)
2024-09-15 18:27:47,441 WARNING [default] Unable to locate file for background (D:\Semester 2\Object Oriented Programming\mynewsnakegame\bin\Debug\net8.0\images\media/dungeon.jpg)
2024-09-15 18:27:47,443 WARNING [default] Unable to locate file for food (D:\Semester 2\Object Oriented Programming\mynewsnakegame\bin\Debug\net8.0\images\media/apple.png)
2024-09-15 18:28:56,132 WARNING [default] Unable to locate file for background (D:\Semester 2\Object Oriented Programming\mynewsnakegame\bin\Debug\net8.0\images\media/dungeon.jpg)
2024-09-15 18:28:56,135 WARNING [default] Unable to locate file for food (D:\Semester 2\Object Oriented Programming\mynewsnakegame\bin\Debug\net8.0\images\media/apple.png)
2024-09-15 18:29:48,370 WARNING [default] Unable to locate file for background (D:\Semester 2\Object Oriented Programming\mynewsnakegame\bin\Debug\net8.0\images\media/dungeon.jpg)
2024-09-15 18:29:48,372 WARNING [default] Unable to locate file for food (D:\Semester 2\Object Oriented Programming\mynewsnakegame\bin\Debug\net8.0\images\media/apple.png)
2024-09-16 21:49:26,723 WARNING [default] Unable to locate file for Apple (D:\Semester 2\Object Oriented Programming\testgame\bin\Debug\net8.0\images\media/apple.png)
2024-09-16 21:49:26,726 WARNING [default] Unable to locate file for Apple (D:\Semester 2\Object Oriented Programming\testgame\bin\Debug\net8.0\images\media/apple.png)
2024-09-16 21:49:26,726 WARNING [default] Unable to locate file for Apple (D:\Semester 2\Object Oriented Programming\testgame\bin\Debug\net8.0\images\media/apple.png)
2024-09-16 21:50:22,097 WARNING [default] Unable to locate file for Apple (D:\Semester 2\Object Oriented Programming\testgame\bin\Debug\net8.0\images\SnakeGame/media/apple.png)
2024-09-16 21:50:22,099 WARNING [default] Unable to locate file for Apple (D:\Semester 2\Object Oriented Programming\testgame\bin\Debug\net8.0\images\SnakeGame/media/apple.png)
2024-09-16 21:50:22,099 WARNING [default] Unable to locate file for Apple (D:\Semester 2\Object Oriented Programming\testgame\bin\Debug\net8.0\images\SnakeGame/media/apple.png)
2024-09-16 23:29:36,634 WARNING [default] Unable to locate file for Apple (D:\Semester 2\Object Oriented Programming\testgame\bin\Debug\net8.0\images\apple.png)
2024-09-16 23:29:36,636 WARNING [default] Unable to locate file for Apple (D:\Semester 2\Object Oriented Programming\testgame\bin\Debug\net8.0\images\apple.png)
2024-09-16 23:29:36,636 WARNING [default] Unable to locate file for Apple (D:\Semester 2\Object Oriented Programming\testgame\bin\Debug\net8.0\images\apple.png)
2024-09-19 18:13:30,725 WARNING [default] Unable to locate file for Apple (D:\Semester 2\Object Oriented Programming\testgame with startscreen\bin\Debug\net8.0\images\media/apple.png)
2024-09-19 18:13:30,727 WARNING [default] Unable to locate file for Apple (D:\Semester 2\Object Oriented Programming\testgame with startscreen\bin\Debug\net8.0\images\media/apple.png)
2024-09-19 18:13:30,727 WARNING [default] Unable to locate file for Apple (D:\Semester 2\Object Oriented Programming\testgame with startscreen\bin\Debug\net8.0\images\media/apple.png)
2024-09-19 18:13:41,965 WARNING [default] Unable to locate file for Apple (D:\Semester 2\Object Oriented Programming\testgame with startscreen\bin\Debug\net8.0\images\media/apple.png)
2024-09-19 18:13:41,966 WARNING [default] Unable to locate file for Apple (D:\Semester 2\Object Oriented Programming\testgame with startscreen\bin\Debug\net8.0\images\media/apple.png)
2024-09-19 18:13:41,966 WARNING [default] Unable to locate file for Apple (D:\Semester 2\Object Oriented Programming\testgame with startscreen\bin\Debug\net8.0\images\media/apple.png)
2024-09-19 18:14:15,590 WARNING [default] Unable to locate file for Apple (D:\Semester 2\Object Oriented Programming\testgame with startscreen\bin\Debug\net8.0\images\media\apple.png)
2024-09-19 18:14:15,592 WARNING [default] Unable to locate file for Apple (D:\Semester 2\Object Oriented Programming\testgame with startscreen\bin\Debug\net8.0\images\media\apple.png)
2024-09-19 18:14:15,593 WARNING [default] Unable to locate file for Apple (D:\Semester 2\Object Oriented Programming\testgame with startscreen\bin\Debug\net8.0\images\media\apple.png)
2024-09-19 18:16:32,449 WARNING [default] Unable to locate file for Apple (D:\Semester 2\Object Oriented Programming\testgame with startscreen\bin\Debug\net8.0\images\media\apple.png)
2024-09-19 18:16:32,450 WARNING [default] Unable to locate file for Apple (D:\Semester 2\Object Oriented Programming\testgame with startscreen\bin\Debug\net8.0\images\media\apple.png)
2024-09-19 18:16:32,451 WARNING [default] Unable to locate file for Apple (D:\Semester 2\Object Oriented Programming\testgame with startscreen\bin\Debug\net8.0\images\media\apple.png)
2024-09-19 18:18:11,907 WARNING [default] Unable to locate file for Apple (D:\Semester 2\Object Oriented Programming\testgame with startscreen\bin\Debug\net8.0\images\media\apple.png)
2024-09-19 18:18:11,909 WARNING [default] Unable to locate file for Apple (D:\Semester 2\Object Oriented Programming\testgame with startscreen\bin\Debug\net8.0\images\media\apple.png)
2024-09-19 18:18:11,909 WARNING [default] Unable to locate file for Apple (D:\Semester 2\Object Oriented Programming\testgame with startscreen\bin\Debug\net8.0\images\media\apple.png)
2024-09-19 18:19:17,770 WARNING [default] Unable to locate file for Apple (D:\Semester 2\Object Oriented Programming\testgame with startscreen\bin\Debug\net8.0\images\media\apple.png)
2024-09-19 18:19:17,771 WARNING [default] Unable to locate file for Apple (D:\Semester 2\Object Oriented Programming\testgame with startscreen\bin\Debug\net8.0\images\media\apple.png)
2024-09-19 18:19:17,772 WARNING [default] Unable to locate file for Apple (D:\Semester 2\Object Oriented Programming\testgame with startscreen\bin\Debug\net8.0\images\media\apple.png)
2024-09-20 15:18:38,302 WARNING [default] Unable to locate file for Apple (D:\Semester 2\Object Oriented Programming\testgame with startscreen\bin\Debug\net8.0\images\media\apple.png)
2024-09-20 15:18:38,304 WARNING [default] Unable to locate file for Apple (D:\Semester 2\Object Oriented Programming\testgame with startscreen\bin\Debug\net8.0\images\media\apple.png)
2024-09-20 15:18:38,305 WARNING [default] Unable to locate file for Apple (D:\Semester 2\Object Oriented Programming\testgame with startscreen\bin\Debug\net8.0\images\media\apple.png)
2024-09-20 15:18:51,415 WARNING [default] Unable to locate file for Apple (D:\Semester 2\Object Oriented Programming\testgame with startscreen\bin\Debug\net8.0\images\media\apple.png)
2024-09-20 15:18:51,417 WARNING [default] Unable to locate file for Apple (D:\Semester 2\Object Oriented Programming\testgame with startscreen\bin\Debug\net8.0\images\media\apple.png)
2024-09-20 15:18:51,418 WARNING [default] Unable to locate file for Apple (D:\Semester 2\Object Oriented Programming\testgame with startscreen\bin\Debug\net8.0\images\media\apple.png)
2024-09-20 15:19:04,437 WARNING [default] Unable to locate file for Apple (D:\Semester 2\Object Oriented Programming\testgame with startscreen\bin\Debug\net8.0\images\media\apple.png)
2024-09-20 15:19:04,438 WARNING [default] Unable to locate file for Apple (D:\Semester 2\Object Oriented Programming\testgame with startscreen\bin\Debug\net8.0\images\media\apple.png)
2024-09-20 15:19:04,438 WARNING [default] Unable to locate file for Apple (D:\Semester 2\Object Oriented Programming\testgame with startscreen\bin\Debug\net8.0\images\media\apple.png)
2024-09-20 15:20:09,792 WARNING [default] Unable to locate file for Apple (D:\Semester 2\Object Oriented Programming\testgame with startscreen\bin\Debug\net8.0\images\media\apple.png)
2024-09-20 15:20:09,793 WARNING [default] Unable to locate file for Apple (D:\Semester 2\Object Oriented Programming\testgame with startscreen\bin\Debug\net8.0\images\media\apple.png)
2024-09-20 15:20:09,794 WARNING [default] Unable to locate file for Apple (D:\Semester 2\Object Oriented Programming\testgame with startscreen\bin\Debug\net8.0\images\media\apple.png)
2024-09-20 15:21:12,091 WARNING [default] Unable to locate file for Apple (D:\Semester 2\Object Oriented Programming\testgame with startscreen\bin\Debug\net8.0\images\media\apple.png)
2024-09-20 15:21:12,093 WARNING [default] Unable to locate file for Apple (D:\Semester 2\Object Oriented Programming\testgame with startscreen\bin\Debug\net8.0\images\media\apple.png)
2024-09-20 15:21:12,093 WARNING [default] Unable to locate file for Apple (D:\Semester 2\Object Oriented Programming\testgame with startscreen\bin\Debug\net8.0\images\media\apple.png)
2024-09-20 15:21:20,507 WARNING [default] Unable to locate file for Apple (D:\Semester 2\Object Oriented Programming\testgame with startscreen\bin\Debug\net8.0\images\media\apple.png)
2024-09-20 15:21:20,508 WARNING [default] Unable to locate file for Apple (D:\Semester 2\Object Oriented Programming\testgame with startscreen\bin\Debug\net8.0\images\media\apple.png)
2024-09-20 15:21:20,508 WARNING [default] Unable to locate file for Apple (D:\Semester 2\Object Oriented Programming\testgame with startscreen\bin\Debug\net8.0\images\media\apple.png)
2024-09-20 15:21:44,443 WARNING [default] Unable to locate file for Apple (D:\Semester 2\Object Oriented Programming\testgame with startscreen\bin\Debug\net8.0\images\media\apple.png)
2024-09-20 15:21:44,444 WARNING [default] Unable to locate file for Apple (D:\Semester 2\Object Oriented Programming\testgame with startscreen\bin\Debug\net8.0\images\media\apple.png)
2024-09-20 15:21:44,444 WARNING [default] Unable to locate file for Apple (D:\Semester 2\Object Oriented Programming\testgame with startscreen\bin\Debug\net8.0\images\media\apple.png)
2024-09-20 15:22:01,180 WARNING [default] Unable to locate file for Apple (D:\Semester 2\Object Oriented Programming\testgame with startscreen\bin\Debug\net8.0\images\media\apple.png)
2024-09-20 15:22:01,182 WARNING [default] Unable to locate file for Apple (D:\Semester 2\Object Oriented Programming\testgame with startscreen\bin\Debug\net8.0\images\media\apple.png)
2024-09-20 15:22:01,182 WARNING [default] Unable to locate file for Apple (D:\Semester 2\Object Oriented Programming\testgame with startscreen\bin\Debug\net8.0\images\media\apple.png)
2024-09-20 15:22:14,540 WARNING [default] Unable to locate file for Apple (D:\Semester 2\Object Oriented Programming\testgame with startscreen\bin\Debug\net8.0\images\media\apple.png)
2024-09-20 15:22:14,542 WARNING [default] Unable to locate file for Apple (D:\Semester 2\Object Oriented Programming\testgame with startscreen\bin\Debug\net8.0\images\media\apple.png)
2024-09-20 15:22:14,542 WARNING [default] Unable to locate file for Apple (D:\Semester 2\Object Oriented Programming\testgame with startscreen\bin\Debug\net8.0\images\media\apple.png)
2024-09-20 15:23:04,945 WARNING [default] Unable to locate file for Apple (D:\Semester 2\Object Oriented Programming\testgame with startscreen\bin\Debug\net8.0\images\media\apple.png)
2024-09-20 15:23:04,946 WARNING [default] Unable to locate file for Apple (D:\Semester 2\Object Oriented Programming\testgame with startscreen\bin\Debug\net8.0\images\media\apple.png)
2024-09-20 15:23:04,947 WARNING [default] Unable to locate file for Apple (D:\Semester 2\Object Oriented Programming\testgame with startscreen\bin\Debug\net8.0\images\media\apple.png)
2024-09-20 15:23:20,711 WARNING [default] Unable to locate file for Apple (D:\Semester 2\Object Oriented Programming\testgame with startscreen\bin\Debug\net8.0\images\media\apple.png)
2024-09-20 15:23:20,714 WARNING [default] Unable to locate file for Apple (D:\Semester 2\Object Oriented Programming\testgame with startscreen\bin\Debug\net8.0\images\media\apple.png)
2024-09-20 15:23:20,715 WARNING [default] Unable to locate file for Apple (D:\Semester 2\Object Oriented Programming\testgame with startscreen\bin\Debug\net8.0\images\media\apple.png)
2024-09-23 18:48:59,189 WARNING [default] Unable to locate file for Apple (D:\Semester 2\Object Oriented Programming\testgame with startscreen\bin\Debug\net8.0\images\media\apple.png)
2024-09-23 18:48:59,192 WARNING [default] Unable to locate file for Apple (D:\Semester 2\Object Oriented Programming\testgame with startscreen\bin\Debug\net8.0\images\media\apple.png)
2024-09-23 18:48:59,192 WARNING [default] Unable to locate file for Apple (D:\Semester 2\Object Oriented Programming\testgame with startscreen\bin\Debug\net8.0\images\media\apple.png)
2024-09-23 19:11:53,470 WARNING [default] Unable to locate file for Apple (D:\Semester 2\Object Oriented Programming\snakegame\bin\Debug\net8.0\images\media\apple.png)
2024-09-23 19:11:53,472 WARNING [default] Unable to locate file for Apple (D:\Semester 2\Object Oriented Programming\snakegame\bin\Debug\net8.0\images\media\apple.png)
2024-09-23 19:11:53,472 WARNING [default] Unable to locate file for Apple (D:\Semester 2\Object Oriented Programming\snakegame\bin\Debug\net8.0\images\media\apple.png)
2024-09-23 19:52:27,614 WARNING [default] Unable to locate file for Apple (D:\Semester 2\Object Oriented Programming\snakegame\bin\Debug\net8.0\images\media\apple.png)
2024-09-23 19:52:27,616 WARNING [default] Unable to locate file for Apple (D:\Semester 2\Object Oriented Programming\snakegame\bin\Debug\net8.0\images\media\apple.png)
2024-09-23 19:52:27,616 WARNING [default] Unable to locate file for Apple (D:\Semester 2\Object Oriented Programming\snakegame\bin\Debug\net8.0\images\media\apple.png)
2024-09-23 20:02:00,402 WARNING [default] Unable to locate file for Apple (D:\Semester 2\Object Oriented Programming\snakegame\bin\Debug\net8.0\images\media\apple.png)
2024-09-23 20:02:00,404 WARNING [default] Unable to locate file for Apple (D:\Semester 2\Object Oriented Programming\snakegame\bin\Debug\net8.0\images\media\apple.png)
2024-09-23 20:02:00,404 WARNING [default] Unable to locate file for Apple (D:\Semester 2\Object Oriented Programming\snakegame\bin\Debug\net8.0\images\media\apple.png)
2024-09-23 20:56:34,105 WARNING [default] Unable to locate file for Apple (D:\Semester 2\Object Oriented Programming\snakegame\bin\Debug\net8.0\images\media\apple.png)
2024-09-23 20:56:34,106 WARNING [default] Unable to locate file for Apple (D:\Semester 2\Object Oriented Programming\snakegame\bin\Debug\net8.0\images\media\apple.png)
2024-09-23 20:56:34,106 WARNING [default] Unable to locate file for Apple (D:\Semester 2\Object Oriented Programming\snakegame\bin\Debug\net8.0\images\media\apple.png)
2024-09-24 13:10:36,417 WARNING [default] Unable to locate file for Apple (D:\Semester 2\Object Oriented Programming\snakegame\bin\Debug\net8.0\images\media\apple.png)
2024-09-24 13:10:36,420 WARNING [default] Unable to locate file for Apple (D:\Semester 2\Object Oriented Programming\snakegame\bin\Debug\net8.0\images\media\apple.png)
2024-09-24 13:10:36,420 WARNING [default] Unable to locate file for Apple (D:\Semester 2\Object Oriented Programming\snakegame\bin\Debug\net8.0\images\media\apple.png)
2024-09-24 13:52:45,721 WARNING [default] Unable to locate file for Apple (D:\Semester 2\Object Oriented Programming\snakegame\bin\Debug\net8.0\images\media\apple.png)
2024-09-24 13:52:45,722 WARNING [default] Unable to locate file for Apple (D:\Semester 2\Object Oriented Programming\snakegame\bin\Debug\net8.0\images\media\apple.png)
2024-09-24 13:52:45,722 WARNING [default] Unable to locate file for Apple (D:\Semester 2\Object Oriented Programming\snakegame\bin\Debug\net8.0\images\media\apple.png)
2024-09-24 14:01:05,726 WARNING [default] Unable to locate file for Apple (D:\Semester 2\Object Oriented Programming\snakegame\bin\Debug\net8.0\images\media\apple.png)
2024-09-24 14:01:05,728 WARNING [default] Unable to locate file for Apple (D:\Semester 2\Object Oriented Programming\snakegame\bin\Debug\net8.0\images\media\apple.png)
2024-09-24 14:01:05,728 WARNING [default] Unable to locate file for Apple (D:\Semester 2\Object Oriented Programming\snakegame\bin\Debug\net8.0\images\media\apple.png)
2024-09-24 14:01:16,554 WARNING [default] Unable to locate file for Apple (D:\Semester 2\Object Oriented Programming\snakegame\bin\Debug\net8.0\images\media\apple.png)
2024-09-24 14:01:16,555 WARNING [default] Unable to locate file for Apple (D:\Semester 2\Object Oriented Programming\snakegame\bin\Debug\net8.0\images\media\apple.png)
2024-09-24 14:01:16,555 WARNING [default] Unable to locate file for Apple (D:\Semester 2\Object Oriented Programming\snakegame\bin\Debug\net8.0\images\media\apple.png)
2024-09-24 14:01:26,996 WARNING [default] Unable to locate file for Apple (D:\Semester 2\Object Oriented Programming\snakegame\bin\Debug\net8.0\images\media\apple.png)
2024-09-24 14:01:26,998 WARNING [default] Unable to locate file for Apple (D:\Semester 2\Object Oriented Programming\snakegame\bin\Debug\net8.0\images\media\apple.png)
2024-09-24 14:01:26,998 WARNING [default] Unable to locate file for Apple (D:\Semester 2\Object Oriented Programming\snakegame\bin\Debug\net8.0\images\media\apple.png)
2024-09-24 14:16:01,616 WARNING [default] Unable to locate file for Apple (D:\Semester 2\Object Oriented Programming\snakegame\bin\Debug\net8.0\images\media\apple.png)
2024-09-24 14:16:01,617 WARNING [default] Unable to locate file for Apple (D:\Semester 2\Object Oriented Programming\snakegame\bin\Debug\net8.0\images\media\apple.png)
2024-09-24 14:16:01,618 WARNING [default] Unable to locate file for Apple (D:\Semester 2\Object Oriented Programming\snakegame\bin\Debug\net8.0\images\media\apple.png)
2024-09-24 14:17:27,960 WARNING [default] Unable to locate file for Apple (D:\Semester 2\Object Oriented Programming\snakegame\bin\Debug\net8.0\images\media\apple.png)
2024-09-24 14:17:27,961 WARNING [default] Unable to locate file for Apple (D:\Semester 2\Object Oriented Programming\snakegame\bin\Debug\net8.0\images\media\apple.png)
2024-09-24 14:17:27,961 WARNING [default] Unable to locate file for Apple (D:\Semester 2\Object Oriented Programming\snakegame\bin\Debug\net8.0\images\media\apple.png)
2024-09-27 13:41:54,165 WARNING [default] Unable to locate file for Apple (D:\Semester 2\Object Oriented Programming\snakegame\bin\Debug\net8.0\images\media\apple.png)
2024-09-27 13:41:54,168 WARNING [default] Unable to locate file for Apple (D:\Semester 2\Object Oriented Programming\snakegame\bin\Debug\net8.0\images\media\apple.png)
2024-09-27 13:41:54,168 WARNING [default] Unable to locate file for Apple (D:\Semester 2\Object Oriented Programming\snakegame\bin\Debug\net8.0\images\media\apple.png)
2024-09-27 15:13:41,947 WARNING [default] Unable to locate file for Apple (D:\Semester 2\Object Oriented Programming\snakegame\bin\Debug\net8.0\images\media\apple.png)
2024-09-27 15:13:41,949 WARNING [default] Unable to locate file for Apple (D:\Semester 2\Object Oriented Programming\snakegame\bin\Debug\net8.0\images\media\apple.png)
2024-09-27 15:13:41,949 WARNING [default] Unable to locate file for Apple (D:\Semester 2\Object Oriented Programming\snakegame\bin\Debug\net8.0\images\media\apple.png)
2024-09-27 15:16:04,701 WARNING [default] Unable to locate file for Apple (D:\Semester 2\Object Oriented Programming\snakegame\bin\Debug\net8.0\images\media\apple.png)
2024-09-27 15:16:04,702 WARNING [default] Unable to locate file for Apple (D:\Semester 2\Object Oriented Programming\snakegame\bin\Debug\net8.0\images\media\apple.png)
2024-09-27 15:16:04,702 WARNING [default] Unable to locate file for Apple (D:\Semester 2\Object Oriented Programming\snakegame\bin\Debug\net8.0\images\media\apple.png)
2024-09-27 16:58:46,068 WARNING [default] Unable to locate file for Apple (D:\Semester 2\Object Oriented Programming\snakegame without the server stuff\bin\Debug\net8.0\images\media\apple.png)
2024-09-27 16:58:46,069 WARNING [default] Unable to locate file for Apple (D:\Semester 2\Object Oriented Programming\snakegame without the server stuff\bin\Debug\net8.0\images\media\apple.png)
2024-09-27 16:58:46,070 WARNING [default] Unable to locate file for Apple (D:\Semester 2\Object Oriented Programming\snakegame without the server stuff\bin\Debug\net8.0\images\media\apple.png)
2024-09-27 17:14:49,666 WARNING [default] Unable to locate file for Apple (D:\Semester 2\Object Oriented Programming\snakegame without the server stuff\bin\Debug\net8.0\images\media\apple.png)
2024-09-27 17:14:49,668 WARNING [default] Unable to locate file for Apple (D:\Semester 2\Object Oriented Programming\snakegame without the server stuff\bin\Debug\net8.0\images\media\apple.png)
2024-09-27 17:14:49,668 WARNING [default] Unable to locate file for Apple (D:\Semester 2\Object Oriented Programming\snakegame without the server stuff\bin\Debug\net8.0\images\media\apple.png)
2024-09-27 17:58:05,759 WARNING [default] Unable to locate file for Apple (D:\Semester 2\Object Oriented Programming\snakegame without the server stuff\bin\Debug\net8.0\images\media\apple.png)
2024-09-27 17:58:05,761 WARNING [default] Unable to locate file for Apple (D:\Semester 2\Object Oriented Programming\snakegame without the server stuff\bin\Debug\net8.0\images\media\apple.png)
2024-09-27 17:58:05,762 WARNING [default] Unable to locate file for Apple (D:\Semester 2\Object Oriented Programming\snakegame without the server stuff\bin\Debug\net8.0\images\media\apple.png)
2024-09-27 18:28:15,812 WARNING [default] Unable to locate file for Apple (D:\Semester 2\Object Oriented Programming\snakegame without the server stuff\bin\Debug\net8.0\images\media\apple.png)
2024-09-27 18:28:15,813 WARNING [default] Unable to locate file for Apple (D:\Semester 2\Object Oriented Programming\snakegame without the server stuff\bin\Debug\net8.0\images\media\apple.png)
2024-09-27 18:28:15,813 WARNING [default] Unable to locate file for Apple (D:\Semester 2\Object Oriented Programming\snakegame without the server stuff\bin\Debug\net8.0\images\media\apple.png)
2024-09-27 19:01:27,775 WARNING [default] Unable to locate file for Apple (D:\Semester 2\Object Oriented Programming\snakegame without the server stuff - Copy\bin\Debug\net8.0\images\media\apple.png)
2024-09-27 19:01:27,778 WARNING [default] Unable to locate file for Apple (D:\Semester 2\Object Oriented Programming\snakegame without the server stuff - Copy\bin\Debug\net8.0\images\media\apple.png)
2024-09-27 19:01:27,778 WARNING [default] Unable to locate file for Apple (D:\Semester 2\Object Oriented Programming\snakegame without the server stuff - Copy\bin\Debug\net8.0\images\media\apple.png)
2024-09-27 19:02:19,689 WARNING [default] Unable to locate file for Apple (D:\Semester 2\Object Oriented Programming\snakegame without the server stuff - Copy\bin\Debug\net8.0\images\media\apple.png)
2024-09-27 19:02:19,691 WARNING [default] Unable to locate file for Apple (D:\Semester 2\Object Oriented Programming\snakegame without the server stuff - Copy\bin\Debug\net8.0\images\media\apple.png)
2024-09-27 19:02:19,691 WARNING [default] Unable to locate file for Apple (D:\Semester 2\Object Oriented Programming\snakegame without the server stuff - Copy\bin\Debug\net8.0\images\media\apple.png)
2024-09-27 19:02:26,500 WARNING [default] Unable to locate file for Apple (D:\Semester 2\Object Oriented Programming\snakegame without the server stuff - Copy\bin\Debug\net8.0\images\media\apple.png)
2024-09-27 19:02:26,502 WARNING [default] Unable to locate file for Apple (D:\Semester 2\Object Oriented Programming\snakegame without the server stuff - Copy\bin\Debug\net8.0\images\media\apple.png)
2024-09-27 19:02:26,502 WARNING [default] Unable to locate file for Apple (D:\Semester 2\Object Oriented Programming\snakegame without the server stuff - Copy\bin\Debug\net8.0\images\media\apple.png)
2024-09-28 00:09:52,626 WARNING [default] Unable to locate file for Apple (D:\Semester 2\Object Oriented Programming\snakegame without the server stuff - Copy\bin\Debug\net8.0\images\media\apple.png)
2024-09-28 00:09:52,627 WARNING [default] Unable to locate file for Apple (D:\Semester 2\Object Oriented Programming\snakegame without the server stuff - Copy\bin\Debug\net8.0\images\media\apple.png)
2024-09-28 00:09:52,627 WARNING [default] Unable to locate file for Apple (D:\Semester 2\Object Oriented Programming\snakegame without the server stuff - Copy\bin\Debug\net8.0\images\media\apple.png)
2024-09-28 00:12:15,236 WARNING [default] Unable to locate file for Apple (D:\Semester 2\Object Oriented Programming\snakegame without the server stuff - Copy\bin\Debug\net8.0\images\media\apple.png)
2024-09-28 00:12:15,237 WARNING [default] Unable to locate file for Apple (D:\Semester 2\Object Oriented Programming\snakegame without the server stuff - Copy\bin\Debug\net8.0\images\media\apple.png)
2024-09-28 00:12:15,238 WARNING [default] Unable to locate file for Apple (D:\Semester 2\Object Oriented Programming\snakegame without the server stuff - Copy\bin\Debug\net8.0\images\media\apple.png)
2024-09-28 00:12:50,480 WARNING [default] Unable to locate file for Apple (D:\Semester 2\Object Oriented Programming\snakegame without the server stuff - Copy\bin\Debug\net8.0\images\media\apple.png)
2024-09-28 00:12:50,483 WARNING [default] Unable to locate file for Apple (D:\Semester 2\Object Oriented Programming\snakegame without the server stuff - Copy\bin\Debug\net8.0\images\media\apple.png)
2024-09-28 00:12:50,483 WARNING [default] Unable to locate file for Apple (D:\Semester 2\Object Oriented Programming\snakegame without the server stuff - Copy\bin\Debug\net8.0\images\media\apple.png)
2024-09-28 00:12:58,451 WARNING [default] Unable to locate file for Apple (D:\Semester 2\Object Oriented Programming\snakegame without the server stuff - Copy\bin\Debug\net8.0\images\media\apple.png)
2024-09-28 00:12:58,452 WARNING [default] Unable to locate file for Apple (D:\Semester 2\Object Oriented Programming\snakegame without the server stuff - Copy\bin\Debug\net8.0\images\media\apple.png)
2024-09-28 00:12:58,452 WARNING [default] Unable to locate file for Apple (D:\Semester 2\Object Oriented Programming\snakegame without the server stuff - Copy\bin\Debug\net8.0\images\media\apple.png)
2024-09-28 00:13:06,760 WARNING [default] Unable to locate file for Apple (D:\Semester 2\Object Oriented Programming\snakegame without the server stuff - Copy\bin\Debug\net8.0\images\media\apple.png)
2024-09-28 00:13:06,761 WARNING [default] Unable to locate file for Apple (D:\Semester 2\Object Oriented Programming\snakegame without the server stuff - Copy\bin\Debug\net8.0\images\media\apple.png)
2024-09-28 00:13:06,761 WARNING [default] Unable to locate file for Apple (D:\Semester 2\Object Oriented Programming\snakegame without the server stuff - Copy\bin\Debug\net8.0\images\media\apple.png)
2024-09-28 00:14:28,475 WARNING [default] Unable to locate file for Apple (D:\Semester 2\Object Oriented Programming\snakegame without the server stuff - Copy\bin\Debug\net8.0\images\media\apple.png)
2024-09-28 00:14:28,476 WARNING [default] Unable to locate file for Apple (D:\Semester 2\Object Oriented Programming\snakegame without the server stuff - Copy\bin\Debug\net8.0\images\media\apple.png)
2024-09-28 00:14:28,476 WARNING [default] Unable to locate file for Apple (D:\Semester 2\Object Oriented Programming\snakegame without the server stuff - Copy\bin\Debug\net8.0\images\media\apple.png)
2024-09-28 00:15:55,999 WARNING [default] Unable to locate file for Apple (D:\Semester 2\Object Oriented Programming\snakegame without the server stuff - Copy\bin\Debug\net8.0\images\media\apple.png)
2024-09-28 00:15:56,000 WARNING [default] Unable to locate file for Apple (D:\Semester 2\Object Oriented Programming\snakegame without the server stuff - Copy\bin\Debug\net8.0\images\media\apple.png)
2024-09-28 00:15:56,001 WARNING [default] Unable to locate file for Apple (D:\Semester 2\Object Oriented Programming\snakegame without the server stuff - Copy\bin\Debug\net8.0\images\media\apple.png)
2024-09-28 00:16:04,688 WARNING [default] Unable to locate file for Apple (D:\Semester 2\Object Oriented Programming\snakegame without the server stuff - Copy\bin\Debug\net8.0\images\media\apple.png)
2024-09-28 00:16:04,689 WARNING [default] Unable to locate file for Apple (D:\Semester 2\Object Oriented Programming\snakegame without the server stuff - Copy\bin\Debug\net8.0\images\media\apple.png)
2024-09-28 00:16:04,689 WARNING [default] Unable to locate file for Apple (D:\Semester 2\Object Oriented Programming\snakegame without the server stuff - Copy\bin\Debug\net8.0\images\media\apple.png)
2024-09-28 00:16:22,462 WARNING [default] Unable to locate file for Apple (D:\Semester 2\Object Oriented Programming\snakegame without the server stuff - Copy\bin\Debug\net8.0\images\media\apple.png)
2024-09-28 00:16:22,464 WARNING [default] Unable to locate file for Apple (D:\Semester 2\Object Oriented Programming\snakegame without the server stuff - Copy\bin\Debug\net8.0\images\media\apple.png)
2024-09-28 00:16:22,464 WARNING [default] Unable to locate file for Apple (D:\Semester 2\Object Oriented Programming\snakegame without the server stuff - Copy\bin\Debug\net8.0\images\media\apple.png)
2024-09-28 00:23:11,632 WARNING [default] Unable to locate file for Apple (D:\Semester 2\Object Oriented Programming\snakegame without the server stuff - Copy\bin\Debug\net8.0\images\media\apple.png)
2024-09-28 00:23:11,633 WARNING [default] Unable to locate file for Apple (D:\Semester 2\Object Oriented Programming\snakegame without the server stuff - Copy\bin\Debug\net8.0\images\media\apple.png)
2024-09-28 00:23:11,634 WARNING [default] Unable to locate file for Apple (D:\Semester 2\Object Oriented Programming\snakegame without the server stuff - Copy\bin\Debug\net8.0\images\media\apple.png)
2024-09-28 00:23:19,934 WARNING [default] Unable to locate file for Apple (D:\Semester 2\Object Oriented Programming\snakegame without the server stuff - Copy\bin\Debug\net8.0\images\media\apple.png)
2024-09-28 00:23:19,936 WARNING [default] Unable to locate file for Apple (D:\Semester 2\Object Oriented Programming\snakegame without the server stuff - Copy\bin\Debug\net8.0\images\media\apple.png)
2024-09-28 00:23:19,936 WARNING [default] Unable to locate file for Apple (D:\Semester 2\Object Oriented Programming\snakegame without the server stuff - Copy\bin\Debug\net8.0\images\media\apple.png)
2024-09-28 00:23:42,841 WARNING [default] Unable to locate file for Apple (D:\Semester 2\Object Oriented Programming\snakegame without the server stuff - Copy\bin\Debug\net8.0\images\media\apple.png)
2024-09-28 00:23:42,842 WARNING [default] Unable to locate file for Apple (D:\Semester 2\Object Oriented Programming\snakegame without the server stuff - Copy\bin\Debug\net8.0\images\media\apple.png)
2024-09-28 00:23:42,843 WARNING [default] Unable to locate file for Apple (D:\Semester 2\Object Oriented Programming\snakegame without the server stuff - Copy\bin\Debug\net8.0\images\media\apple.png)
2024-09-28 00:24:19,165 WARNING [default] Unable to locate file for Apple (D:\Semester 2\Object Oriented Programming\snakegame without the server stuff - Copy\bin\Debug\net8.0\images\media\apple.png)
2024-09-28 00:24:19,166 WARNING [default] Unable to locate file for Apple (D:\Semester 2\Object Oriented Programming\snakegame without the server stuff - Copy\bin\Debug\net8.0\images\media\apple.png)
2024-09-28 00:24:19,167 WARNING [default] Unable to locate file for Apple (D:\Semester 2\Object Oriented Programming\snakegame without the server stuff - Copy\bin\Debug\net8.0\images\media\apple.png)
2024-09-28 00:25:37,144 WARNING [default] Unable to locate file for Apple (D:\Semester 2\Object Oriented Programming\snakegame without the server stuff - Copy\bin\Debug\net8.0\images\media\apple.png)
2024-09-28 00:25:37,145 WARNING [default] Unable to locate file for Apple (D:\Semester 2\Object Oriented Programming\snakegame without the server stuff - Copy\bin\Debug\net8.0\images\media\apple.png)
2024-09-28 00:25:37,146 WARNING [default] Unable to locate file for Apple (D:\Semester 2\Object Oriented Programming\snakegame without the server stuff - Copy\bin\Debug\net8.0\images\media\apple.png)
2024-09-28 00:28:59,564 WARNING [default] Unable to locate file for Apple (D:\Semester 2\Object Oriented Programming\snakegame without the server stuff - Copy\bin\Debug\net8.0\images\media\apple.png)
2024-09-28 00:28:59,565 WARNING [default] Unable to locate file for Apple (D:\Semester 2\Object Oriented Programming\snakegame without the server stuff - Copy\bin\Debug\net8.0\images\media\apple.png)
2024-09-28 00:28:59,565 WARNING [default] Unable to locate file for Apple (D:\Semester 2\Object Oriented Programming\snakegame without the server stuff - Copy\bin\Debug\net8.0\images\media\apple.png)
2024-09-28 00:33:16,605 WARNING [default] Unable to locate file for Apple (D:\Semester 2\Object Oriented Programming\snakegame without the server stuff - Copy\bin\Debug\net8.0\images\media\apple.png)
2024-09-28 00:33:16,607 WARNING [default] Unable to locate file for Apple (D:\Semester 2\Object Oriented Programming\snakegame without the server stuff - Copy\bin\Debug\net8.0\images\media\apple.png)
2024-09-28 00:33:16,607 WARNING [default] Unable to locate file for Apple (D:\Semester 2\Object Oriented Programming\snakegame without the server stuff - Copy\bin\Debug\net8.0\images\media\apple.png)
2024-09-28 00:34:41,219 WARNING [default] Unable to locate file for Apple (D:\Semester 2\Object Oriented Programming\snakegame without the server stuff - Copy\bin\Debug\net8.0\images\media\apple.png)
2024-09-28 00:34:41,221 WARNING [default] Unable to locate file for Apple (D:\Semester 2\Object Oriented Programming\snakegame without the server stuff - Copy\bin\Debug\net8.0\images\media\apple.png)
2024-09-28 00:34:41,221 WARNING [default] Unable to locate file for Apple (D:\Semester 2\Object Oriented Programming\snakegame without the server stuff - Copy\bin\Debug\net8.0\images\media\apple.png)
2024-09-28 00:41:05,915 WARNING [default] Unable to locate file for Apple (D:\Semester 2\Object Oriented Programming\snakegame without the server stuff - Copy\bin\Debug\net8.0\images\media\apple.png)
2024-09-28 00:41:05,916 WARNING [default] Unable to locate file for Apple (D:\Semester 2\Object Oriented Programming\snakegame without the server stuff - Copy\bin\Debug\net8.0\images\media\apple.png)
2024-09-28 00:41:05,916 WARNING [default] Unable to locate file for Apple (D:\Semester 2\Object Oriented Programming\snakegame without the server stuff - Copy\bin\Debug\net8.0\images\media\apple.png)
2024-09-28 00:41:22,905 WARNING [default] Unable to locate file for Apple (D:\Semester 2\Object Oriented Programming\snakegame without the server stuff - Copy\bin\Debug\net8.0\images\media\apple.png)
2024-09-28 00:41:22,907 WARNING [default] Unable to locate file for Apple (D:\Semester 2\Object Oriented Programming\snakegame without the server stuff - Copy\bin\Debug\net8.0\images\media\apple.png)
2024-09-28 00:41:22,907 WARNING [default] Unable to locate file for Apple (D:\Semester 2\Object Oriented Programming\snakegame without the server stuff - Copy\bin\Debug\net8.0\images\media\apple.png)
2024-09-28 00:42:18,392 WARNING [default] Unable to locate file for Apple (D:\Semester 2\Object Oriented Programming\snakegame without the server stuff - Copy\bin\Debug\net8.0\images\media\apple.png)
2024-09-28 00:42:18,393 WARNING [default] Unable to locate file for Apple (D:\Semester 2\Object Oriented Programming\snakegame without the server stuff - Copy\bin\Debug\net8.0\images\media\apple.png)
2024-09-28 00:42:18,394 WARNING [default] Unable to locate file for Apple (D:\Semester 2\Object Oriented Programming\snakegame without the server stuff - Copy\bin\Debug\net8.0\images\media\apple.png)
2024-09-28 00:42:46,982 WARNING [default] Unable to locate file for Apple (D:\Semester 2\Object Oriented Programming\snakegame without the server stuff - Copy\bin\Debug\net8.0\images\media\apple.png)
2024-09-28 00:42:46,984 WARNING [default] Unable to locate file for Apple (D:\Semester 2\Object Oriented Programming\snakegame without the server stuff - Copy\bin\Debug\net8.0\images\media\apple.png)
2024-09-28 00:42:46,984 WARNING [default] Unable to locate file for Apple (D:\Semester 2\Object Oriented Programming\snakegame without the server stuff - Copy\bin\Debug\net8.0\images\media\apple.png)
2024-09-28 00:47:11,848 WARNING [default] Unable to locate file for Apple (D:\Semester 2\Object Oriented Programming\snakegame without the server stuff - Copy\bin\Debug\net8.0\images\media\apple.png)
2024-09-28 00:47:11,850 WARNING [default] Unable to locate file for Apple (D:\Semester 2\Object Oriented Programming\snakegame without the server stuff - Copy\bin\Debug\net8.0\images\media\apple.png)
2024-09-28 00:47:11,850 WARNING [default] Unable to locate file for Apple (D:\Semester 2\Object Oriented Programming\snakegame without the server stuff - Copy\bin\Debug\net8.0\images\media\apple.png)
2024-09-28 00:47:34,639 WARNING [default] Unable to locate file for Apple (D:\Semester 2\Object Oriented Programming\snakegame without the server stuff - Copy\bin\Debug\net8.0\images\media\apple.png)
2024-09-28 00:47:34,640 WARNING [default] Unable to locate file for Apple (D:\Semester 2\Object Oriented Programming\snakegame without the server stuff - Copy\bin\Debug\net8.0\images\media\apple.png)
2024-09-28 00:47:34,640 WARNING [default] Unable to locate file for Apple (D:\Semester 2\Object Oriented Programming\snakegame without the server stuff - Copy\bin\Debug\net8.0\images\media\apple.png)
2024-09-28 00:48:21,219 WARNING [default] Unable to locate file for Apple (D:\Semester 2\Object Oriented Programming\snakegame without the server stuff - Copy\bin\Debug\net8.0\images\media\apple.png)
2024-09-28 00:48:21,221 WARNING [default] Unable to locate file for Apple (D:\Semester 2\Object Oriented Programming\snakegame without the server stuff - Copy\bin\Debug\net8.0\images\media\apple.png)
2024-09-28 00:48:21,221 WARNING [default] Unable to locate file for Apple (D:\Semester 2\Object Oriented Programming\snakegame without the server stuff - Copy\bin\Debug\net8.0\images\media\apple.png)
2024-09-28 00:53:16,909 WARNING [default] Unable to locate file for Apple (D:\Semester 2\Object Oriented Programming\snakegame without the server stuff - Copy\bin\Debug\net8.0\images\media\apple.png)
2024-09-28 00:53:16,910 WARNING [default] Unable to locate file for Apple (D:\Semester 2\Object Oriented Programming\snakegame without the server stuff - Copy\bin\Debug\net8.0\images\media\apple.png)
2024-09-28 00:53:16,910 WARNING [default] Unable to locate file for Apple (D:\Semester 2\Object Oriented Programming\snakegame without the server stuff - Copy\bin\Debug\net8.0\images\media\apple.png)
2024-09-28 00:56:30,616 WARNING [default] Unable to locate file for Apple (D:\Semester 2\Object Oriented Programming\snakegame without the server stuff - Copy\bin\Debug\net8.0\images\media\apple.png)
2024-09-28 00:56:30,618 WARNING [default] Unable to locate file for Apple (D:\Semester 2\Object Oriented Programming\snakegame without the server stuff - Copy\bin\Debug\net8.0\images\media\apple.png)
2024-09-28 00:56:30,618 WARNING [default] Unable to locate file for Apple (D:\Semester 2\Object Oriented Programming\snakegame without the server stuff - Copy\bin\Debug\net8.0\images\media\apple.png)
2024-09-28 00:58:29,273 WARNING [default] Unable to locate file for Apple (D:\Semester 2\Object Oriented Programming\snakegame without the server stuff - Copy\bin\Debug\net8.0\images\media\apple.png)
2024-09-28 00:58:29,275 WARNING [default] Unable to locate file for Apple (D:\Semester 2\Object Oriented Programming\snakegame without the server stuff - Copy\bin\Debug\net8.0\images\media\apple.png)
2024-09-28 00:58:29,275 WARNING [default] Unable to locate file for Apple (D:\Semester 2\Object Oriented Programming\snakegame without the server stuff - Copy\bin\Debug\net8.0\images\media\apple.png)
2024-09-28 01:06:54,385 WARNING [default] Unable to locate file for Apple (D:\Semester 2\Object Oriented Programming\snakegame without the server stuff - Copy\bin\Debug\net8.0\images\media\apple.png)
2024-09-28 01:06:54,386 WARNING [default] Unable to locate file for Apple (D:\Semester 2\Object Oriented Programming\snakegame without the server stuff - Copy\bin\Debug\net8.0\images\media\apple.png)
2024-09-28 01:06:54,386 WARNING [default] Unable to locate file for Apple (D:\Semester 2\Object Oriented Programming\snakegame without the server stuff - Copy\bin\Debug\net8.0\images\media\apple.png)
2024-09-28 01:07:01,902 WARNING [default] Unable to locate file for Apple (D:\Semester 2\Object Oriented Programming\snakegame without the server stuff - Copy\bin\Debug\net8.0\images\media\apple.png)
2024-09-28 01:07:01,903 WARNING [default] Unable to locate file for Apple (D:\Semester 2\Object Oriented Programming\snakegame without the server stuff - Copy\bin\Debug\net8.0\images\media\apple.png)
2024-09-28 01:07:01,903 WARNING [default] Unable to locate file for Apple (D:\Semester 2\Object Oriented Programming\snakegame without the server stuff - Copy\bin\Debug\net8.0\images\media\apple.png)
2024-09-28 01:07:19,115 WARNING [default] Unable to locate file for Apple (D:\Semester 2\Object Oriented Programming\snakegame without the server stuff - Copy\bin\Debug\net8.0\images\media\apple.png)
2024-09-28 01:07:19,117 WARNING [default] Unable to locate file for Apple (D:\Semester 2\Object Oriented Programming\snakegame without the server stuff - Copy\bin\Debug\net8.0\images\media\apple.png)
2024-09-28 01:07:19,117 WARNING [default] Unable to locate file for Apple (D:\Semester 2\Object Oriented Programming\snakegame without the server stuff - Copy\bin\Debug\net8.0\images\media\apple.png)
2024-09-28 01:13:23,011 WARNING [default] Unable to locate file for Apple (D:\Semester 2\Object Oriented Programming\snakegame without the server stuff - Copy\bin\Debug\net8.0\images\media\apple.png)
2024-09-28 01:13:23,013 WARNING [default] Unable to locate file for Apple (D:\Semester 2\Object Oriented Programming\snakegame without the server stuff - Copy\bin\Debug\net8.0\images\media\apple.png)
2024-09-28 01:13:23,013 WARNING [default] Unable to locate file for Apple (D:\Semester 2\Object Oriented Programming\snakegame without the server stuff - Copy\bin\Debug\net8.0\images\media\apple.png)
2024-09-28 01:25:52,563 WARNING [default] Unable to locate file for Apple (D:\Semester 2\Object Oriented Programming\snakegame without the server stuff - Copy\bin\Debug\net8.0\images\media\apple.png)
2024-09-28 01:25:52,565 WARNING [default] Unable to locate file for Apple (D:\Semester 2\Object Oriented Programming\snakegame without the server stuff - Copy\bin\Debug\net8.0\images\media\apple.png)
2024-09-28 01:25:52,566 WARNING [default] Unable to locate file for Apple (D:\Semester 2\Object Oriented Programming\snakegame without the server stuff - Copy\bin\Debug\net8.0\images\media\apple.png)
2024-09-28 01:32:33,825 WARNING [default] Unable to locate file for Apple (D:\Semester 2\Object Oriented Programming\snakegame without the server stuff - Copy\bin\Debug\net8.0\images\media\apple.png)
2024-09-28 01:32:33,827 WARNING [default] Unable to locate file for Apple (D:\Semester 2\Object Oriented Programming\snakegame without the server stuff - Copy\bin\Debug\net8.0\images\media\apple.png)
2024-09-28 01:32:33,827 WARNING [default] Unable to locate file for Apple (D:\Semester 2\Object Oriented Programming\snakegame without the server stuff - Copy\bin\Debug\net8.0\images\media\apple.png)
2024-09-28 01:34:30,266 WARNING [default] Unable to locate file for Apple (D:\Semester 2\Object Oriented Programming\snakegame without the server stuff - Copy\bin\Debug\net8.0\images\media\apple.png)
2024-09-28 01:34:30,268 WARNING [default] Unable to locate file for Apple (D:\Semester 2\Object Oriented Programming\snakegame without the server stuff - Copy\bin\Debug\net8.0\images\media\apple.png)
2024-09-28 01:34:30,268 WARNING [default] Unable to locate file for Apple (D:\Semester 2\Object Oriented Programming\snakegame without the server stuff - Copy\bin\Debug\net8.0\images\media\apple.png)
2024-09-28 01:35:07,171 WARNING [default] Unable to locate file for Apple (D:\Semester 2\Object Oriented Programming\snakegame without the server stuff - Copy\bin\Debug\net8.0\images\media\apple.png)
2024-09-28 01:35:07,173 WARNING [default] Unable to locate file for Apple (D:\Semester 2\Object Oriented Programming\snakegame without the server stuff - Copy\bin\Debug\net8.0\images\media\apple.png)
2024-09-28 01:35:07,173 WARNING [default] Unable to locate file for Apple (D:\Semester 2\Object Oriented Programming\snakegame without the server stuff - Copy\bin\Debug\net8.0\images\media\apple.png)
2024-09-28 01:36:49,420 WARNING [default] Unable to locate file for Apple (D:\Semester 2\Object Oriented Programming\snakegame without the server\bin\Debug\net8.0\images\media\apple.png)
2024-09-28 01:36:49,422 WARNING [default] Unable to locate file for Apple (D:\Semester 2\Object Oriented Programming\snakegame without the server\bin\Debug\net8.0\images\media\apple.png)
2024-09-28 01:36:49,422 WARNING [default] Unable to locate file for Apple (D:\Semester 2\Object Oriented Programming\snakegame without the server\bin\Debug\net8.0\images\media\apple.png)
2024-09-28 01:37:03,088 WARNING [default] Unable to locate file for Apple (D:\Semester 2\Object Oriented Programming\snakegame without the server\bin\Debug\net8.0\images\media\apple.png)
2024-09-28 01:37:03,090 WARNING [default] Unable to locate file for Apple (D:\Semester 2\Object Oriented Programming\snakegame without the server\bin\Debug\net8.0\images\media\apple.png)
2024-09-28 01:37:03,091 WARNING [default] Unable to locate file for Apple (D:\Semester 2\Object Oriented Programming\snakegame without the server\bin\Debug\net8.0\images\media\apple.png)
2024-09-28 01:37:08,895 WARNING [default] Unable to locate file for Apple (D:\Semester 2\Object Oriented Programming\snakegame without the server\bin\Debug\net8.0\images\media\apple.png)
2024-09-28 01:37:08,896 WARNING [default] Unable to locate file for Apple (D:\Semester 2\Object Oriented Programming\snakegame without the server\bin\Debug\net8.0\images\media\apple.png)
2024-09-28 01:37:08,896 WARNING [default] Unable to locate file for Apple (D:\Semester 2\Object Oriented Programming\snakegame without the server\bin\Debug\net8.0\images\media\apple.png)
2024-09-28 12:51:44,404 WARNING [default] Unable to locate file for Apple (D:\Semester 2\Object Oriented Programming\snakegame without the server\bin\Debug\net8.0\images\media\apple.png)
2024-09-28 12:51:44,406 WARNING [default] Unable to locate file for Apple (D:\Semester 2\Object Oriented Programming\snakegame without the server\bin\Debug\net8.0\images\media\apple.png)
2024-09-28 12:51:44,407 WARNING [default] Unable to locate file for Apple (D:\Semester 2\Object Oriented Programming\snakegame without the server\bin\Debug\net8.0\images\media\apple.png)
2024-09-28 13:41:14,464 WARNING [default] Unable to locate file for Apple (D:\Semester 2\Object Oriented Programming\snakegame without the server\bin\Debug\net8.0\images\media\apple.png)
2024-09-28 13:41:14,465 WARNING [default] Unable to locate file for Apple (D:\Semester 2\Object Oriented Programming\snakegame without the server\bin\Debug\net8.0\images\media\apple.png)
2024-09-28 13:41:14,466 WARNING [default] Unable to locate file for Apple (D:\Semester 2\Object Oriented Programming\snakegame without the server\bin\Debug\net8.0\images\media\apple.png)
2024-09-28 13:48:51,795 WARNING [default] Unable to locate file for Apple (D:\Semester 2\Object Oriented Programming\snakegame without the server\bin\Debug\net8.0\images\media\apple.png)
2024-09-28 13:48:51,797 WARNING [default] Unable to locate file for Apple (D:\Semester 2\Object Oriented Programming\snakegame without the server\bin\Debug\net8.0\images\media\apple.png)
2024-09-28 13:48:51,798 WARNING [default] Unable to locate file for Apple (D:\Semester 2\Object Oriented Programming\snakegame without the server\bin\Debug\net8.0\images\media\apple.png)
2024-09-28 13:59:23,859 WARNING [default] Unable to locate file for Apple (D:\Semester 2\Object Oriented Programming\snakegame without the server\bin\Debug\net8.0\images\media\apple.png)
2024-09-28 13:59:23,860 WARNING [default] Unable to locate file for Apple (D:\Semester 2\Object Oriented Programming\snakegame without the server\bin\Debug\net8.0\images\media\apple.png)
2024-09-28 13:59:23,861 WARNING [default] Unable to locate file for Apple (D:\Semester 2\Object Oriented Programming\snakegame without the server\bin\Debug\net8.0\images\media\apple.png)
2024-09-28 14:22:51,713 WARNING [default] Unable to locate file for Apple (D:\Semester 2\Object Oriented Programming\snakegame without the server\bin\Debug\net8.0\images\media\apple.png)
2024-09-28 14:22:51,715 WARNING [default] Unable to locate file for Apple (D:\Semester 2\Object Oriented Programming\snakegame without the server\bin\Debug\net8.0\images\media\apple.png)
2024-09-28 14:22:51,715 WARNING [default] Unable to locate file for Apple (D:\Semester 2\Object Oriented Programming\snakegame without the server\bin\Debug\net8.0\images\media\apple.png)
2024-09-28 15:31:44,962 WARNING [default] Unable to locate file for Apple (D:\Semester 2\Object Oriented Programming\snakegame without the server\bin\Debug\net8.0\images\media\apple.png)
2024-09-28 15:31:44,964 WARNING [default] Unable to locate file for Apple (D:\Semester 2\Object Oriented Programming\snakegame without the server\bin\Debug\net8.0\images\media\apple.png)
2024-09-28 15:31:44,964 WARNING [default] Unable to locate file for Apple (D:\Semester 2\Object Oriented Programming\snakegame without the server\bin\Debug\net8.0\images\media\apple.png)
2024-09-28 15:41:44,261 WARNING [default] Unable to locate file for Apple (D:\Semester 2\Object Oriented Programming\snakegame without the server\bin\Debug\net8.0\images\media\apple.png)
2024-09-28 15:41:44,262 WARNING [default] Unable to locate file for Apple (D:\Semester 2\Object Oriented Programming\snakegame without the server\bin\Debug\net8.0\images\media\apple.png)
2024-09-28 15:41:44,262 WARNING [default] Unable to locate file for Apple (D:\Semester 2\Object Oriented Programming\snakegame without the server\bin\Debug\net8.0\images\media\apple.png)
2024-09-28 16:03:03,346 WARNING [default] Unable to locate file for Apple (D:\Semester 2\Object Oriented Programming\snakegame without the server\bin\Debug\net8.0\images\media\apple.png)
2024-09-28 16:03:03,347 WARNING [default] Unable to locate file for Apple (D:\Semester 2\Object Oriented Programming\snakegame without the server\bin\Debug\net8.0\images\media\apple.png)
2024-09-28 16:03:03,348 WARNING [default] Unable to locate file for Apple (D:\Semester 2\Object Oriented Programming\snakegame without the server\bin\Debug\net8.0\images\media\apple.png)
2024-09-28 17:06:24,946 WARNING [default] Unable to locate file for Apple (D:\Semester 2\Object Oriented Programming\snakegame without the server - Copy\bin\Debug\net8.0\images\media\apple.png)
2024-09-28 17:06:24,947 WARNING [default] Unable to locate file for Apple (D:\Semester 2\Object Oriented Programming\snakegame without the server - Copy\bin\Debug\net8.0\images\media\apple.png)
2024-09-28 17:06:24,948 WARNING [default] Unable to locate file for Apple (D:\Semester 2\Object Oriented Programming\snakegame without the server - Copy\bin\Debug\net8.0\images\media\apple.png)
2024-09-28 17:09:15,308 WARNING [default] Unable to locate file for Apple (D:\Semester 2\Object Oriented Programming\snakegame without the server - Copy\bin\Debug\net8.0\images\media\apple.png)
2024-09-28 17:09:15,309 WARNING [default] Unable to locate file for Apple (D:\Semester 2\Object Oriented Programming\snakegame without the server - Copy\bin\Debug\net8.0\images\media\apple.png)
2024-09-28 17:09:15,309 WARNING [default] Unable to locate file for Apple (D:\Semester 2\Object Oriented Programming\snakegame without the server - Copy\bin\Debug\net8.0\images\media\apple.png)
2024-09-28 22:17:57,093 WARNING [default] Unable to locate file for Apple (D:\Semester 2\Object Oriented Programming\snakegame without the server\bin\Debug\net8.0\images\media\apple.png)
2024-09-28 22:17:57,096 WARNING [default] Unable to locate file for Apple (D:\Semester 2\Object Oriented Programming\snakegame without the server\bin\Debug\net8.0\images\media\apple.png)
2024-09-28 22:17:57,097 WARNING [default] Unable to locate file for Apple (D:\Semester 2\Object Oriented Programming\snakegame without the server\bin\Debug\net8.0\images\media\apple.png)
2024-09-29 21:29:01,710 WARNING [default] Unable to locate file for Apple (D:\Semester 2\Object Oriented Programming\snakegame without the server\bin\Debug\net8.0\images\media\apple.png)
2024-09-29 21:29:01,712 WARNING [default] Unable to locate file for Apple (D:\Semester 2\Object Oriented Programming\snakegame without the server\bin\Debug\net8.0\images\media\apple.png)
2024-09-29 21:29:01,712 WARNING [default] Unable to locate file for Apple (D:\Semester 2\Object Oriented Programming\snakegame without the server\bin\Debug\net8.0\images\media\apple.png)
2024-09-29 21:29:21,898 WARNING [default] Unable to locate file for Apple (D:\Semester 2\Object Oriented Programming\snakegame without the server\bin\Debug\net8.0\images\media\apple.png)
2024-09-29 21:29:21,900 WARNING [default] Unable to locate file for Apple (D:\Semester 2\Object Oriented Programming\snakegame without the server\bin\Debug\net8.0\images\media\apple.png)
2024-09-29 21:29:21,900 WARNING [default] Unable to locate file for Apple (D:\Semester 2\Object Oriented Programming\snakegame without the server\bin\Debug\net8.0\images\media\apple.png)
2024-09-29 21:29:59,751 WARNING [default] Unable to locate file for Apple (D:\Semester 2\Object Oriented Programming\snakegame without the server\bin\Debug\net8.0\images\media\apple.png)
2024-09-29 21:29:59,752 WARNING [default] Unable to locate file for Apple (D:\Semester 2\Object Oriented Programming\snakegame without the server\bin\Debug\net8.0\images\media\apple.png)
2024-09-29 21:29:59,753 WARNING [default] Unable to locate file for Apple (D:\Semester 2\Object Oriented Programming\snakegame without the server\bin\Debug\net8.0\images\media\apple.png)
2024-09-29 21:30:16,927 WARNING [default] Unable to locate file for Apple (D:\Semester 2\Object Oriented Programming\snakegame without the server\bin\Debug\net8.0\images\media\apple.png)
2024-09-29 21:30:16,928 WARNING [default] Unable to locate file for Apple (D:\Semester 2\Object Oriented Programming\snakegame without the server\bin\Debug\net8.0\images\media\apple.png)
2024-09-29 21:30:16,928 WARNING [default] Unable to locate file for Apple (D:\Semester 2\Object Oriented Programming\snakegame without the server\bin\Debug\net8.0\images\media\apple.png)
2024-09-29 21:43:17,797 WARNING [default] Unable to locate file for Apple (D:\Semester 2\Object Oriented Programming\snakegame without the server\bin\Debug\net8.0\images\media\Apple.png)
2024-09-29 21:43:17,798 WARNING [default] Unable to locate file for Apple (D:\Semester 2\Object Oriented Programming\snakegame without the server\bin\Debug\net8.0\images\media\Apple.png)
2024-09-29 21:43:17,798 WARNING [default] Unable to locate file for Apple (D:\Semester 2\Object Oriented Programming\snakegame without the server\bin\Debug\net8.0\images\media\Apple.png)
